This is pdfTeX, Version 3.14159265-2.6-1.40.21 (TeX Live 2020) (preloaded format=pdflatex 2020.4.7)  4 MAR 2021 20:37
entering extended mode
 restricted \write18 enabled.
 %&-line parsing enabled.
**assignment2-soln.tex
(./assignment2-soln.tex
LaTeX2e <2020-02-02> patch level 5
L3 programming layer <2020-03-06>
(/usr/local/texlive/2020/texmf-dist/tex/latex/base/article.cls
Document Class: article 2019/12/20 v1.4l Standard LaTeX document class
(/usr/local/texlive/2020/texmf-dist/tex/latex/base/size12.clo
File: size12.clo 2019/12/20 v1.4l Standard LaTeX file (size option)
)
\c@part=\count167
\c@section=\count168
\c@subsection=\count169
\c@subsubsection=\count170
\c@paragraph=\count171
\c@subparagraph=\count172
\c@figure=\count173
\c@table=\count174
\abovecaptionskip=\skip47
\belowcaptionskip=\skip48
\bibindent=\dimen134
)
(/usr/local/texlive/2020/texmf-dist/tex/latex/geometry/geometry.sty
Package: geometry 2020/01/02 v5.9 Page Geometry

(/usr/local/texlive/2020/texmf-dist/tex/latex/graphics/keyval.sty
Package: keyval 2014/10/28 v1.15 key=value parser (DPC)
\KV@toks@=\toks15
)
(/usr/local/texlive/2020/texmf-dist/tex/generic/iftex/ifvtex.sty
Package: ifvtex 2019/10/25 v1.7 ifvtex legacy package. Use iftex instead.

(/usr/local/texlive/2020/texmf-dist/tex/generic/iftex/iftex.sty
Package: iftex 2020/03/06 v1.0d TeX engine tests
))
\Gm@cnth=\count175
\Gm@cntv=\count176
\c@Gm@tempcnt=\count177
\Gm@bindingoffset=\dimen135
\Gm@wd@mp=\dimen136
\Gm@odd@mp=\dimen137
\Gm@even@mp=\dimen138
\Gm@layoutwidth=\dimen139
\Gm@layoutheight=\dimen140
\Gm@layouthoffset=\dimen141
\Gm@layoutvoffset=\dimen142
\Gm@dimlist=\toks16
)
(/usr/local/texlive/2020/texmf-dist/tex/latex/base/alltt.sty
Package: alltt 1997/06/16 v2.0g defines alltt environment
)
(/usr/local/texlive/2020/texmf-dist/tex/latex/tools/array.sty
Package: array 2019/08/31 v2.4l Tabular extension package (FMi)
\col@sep=\dimen143
\ar@mcellbox=\box45
\extrarowheight=\dimen144
\NC@list=\toks17
\extratabsurround=\skip49
\backup@length=\skip50
\ar@cellbox=\box46
)
(/usr/local/texlive/2020/texmf-dist/tex/latex/graphics/graphicx.sty
Package: graphicx 2019/11/30 v1.2a Enhanced LaTeX Graphics (DPC,SPQR)

(/usr/local/texlive/2020/texmf-dist/tex/latex/graphics/graphics.sty
Package: graphics 2019/11/30 v1.4a Standard LaTeX Graphics (DPC,SPQR)

(/usr/local/texlive/2020/texmf-dist/tex/latex/graphics/trig.sty
Package: trig 2016/01/03 v1.10 sin cos tan (DPC)
)
(/usr/local/texlive/2020/texmf-dist/tex/latex/graphics-cfg/graphics.cfg
File: graphics.cfg 2016/06/04 v1.11 sample graphics configuration
)
Package graphics Info: Driver file: pdftex.def on input line 105.

(/usr/local/texlive/2020/texmf-dist/tex/latex/graphics-def/pdftex.def
File: pdftex.def 2018/01/08 v1.0l Graphics/color driver for pdftex
))
\Gin@req@height=\dimen145
\Gin@req@width=\dimen146
)
(/usr/local/texlive/2020/texmf-dist/tex/latex/tools/tabularx.sty
Package: tabularx 2020/01/15 v2.11c `tabularx' package (DPC)
\TX@col@width=\dimen147
\TX@old@table=\dimen148
\TX@old@col=\dimen149
\TX@target=\dimen150
\TX@delta=\dimen151
\TX@cols=\count178
\TX@ftn=\toks18
)
(/usr/local/texlive/2020/texmf-dist/tex/latex/tools/verbatim.sty
Package: verbatim 2019/11/10 v1.5r LaTeX2e package for verbatim enhancements
\every@verbatim=\toks19
\verbatim@line=\toks20
\verbatim@in@stream=\read2
)
(/usr/local/texlive/2020/texmf-dist/tex/latex/setspace/setspace.sty
Package: setspace 2011/12/19 v6.7a set line spacing
)
(/usr/local/texlive/2020/texmf-dist/tex/latex/listings/listings.sty
\lst@mode=\count179
\lst@gtempboxa=\box47
\lst@token=\toks21
\lst@length=\count180
\lst@currlwidth=\dimen152
\lst@column=\count181
\lst@pos=\count182
\lst@lostspace=\dimen153
\lst@width=\dimen154
\lst@newlines=\count183
\lst@lineno=\count184
\lst@maxwidth=\dimen155

(/usr/local/texlive/2020/texmf-dist/tex/latex/listings/lstmisc.sty
File: lstmisc.sty 2020/03/24 1.8d (Carsten Heinz)
\c@lstnumber=\count185
\lst@skipnumbers=\count186
\lst@framebox=\box48
)
(/usr/local/texlive/2020/texmf-dist/tex/latex/listings/listings.cfg
File: listings.cfg 2020/03/24 1.8d listings configuration
))
Package: listings 2020/03/24 1.8d (Carsten Heinz)

(/usr/local/texlive/2020/texmf-dist/tex/latex/amsfonts/amssymb.sty
Package: amssymb 2013/01/14 v3.01 AMS font symbols

(/usr/local/texlive/2020/texmf-dist/tex/latex/amsfonts/amsfonts.sty
Package: amsfonts 2013/01/14 v3.01 Basic AMSFonts support
\@emptytoks=\toks22
\symAMSa=\mathgroup4
\symAMSb=\mathgroup5
LaTeX Font Info:    Redeclaring math symbol \hbar on input line 98.
LaTeX Font Info:    Overwriting math alphabet `\mathfrak' in version `bold'
(Font)                  U/euf/m/n --> U/euf/b/n on input line 106.
))
(/usr/local/texlive/2020/texmf-dist/tex/latex/amsmath/amsmath.sty
Package: amsmath 2020/01/20 v2.17e AMS math features
\@mathmargin=\skip51

For additional information on amsmath, use the `?' option.
(/usr/local/texlive/2020/texmf-dist/tex/latex/amsmath/amstext.sty
Package: amstext 2000/06/29 v2.01 AMS text

(/usr/local/texlive/2020/texmf-dist/tex/latex/amsmath/amsgen.sty
File: amsgen.sty 1999/11/30 v2.0 generic functions
\@emptytoks=\toks23
\ex@=\dimen156
))
(/usr/local/texlive/2020/texmf-dist/tex/latex/amsmath/amsbsy.sty
Package: amsbsy 1999/11/29 v1.2d Bold Symbols
\pmbraise@=\dimen157
)
(/usr/local/texlive/2020/texmf-dist/tex/latex/amsmath/amsopn.sty
Package: amsopn 2016/03/08 v2.02 operator names
)
\inf@bad=\count187
LaTeX Info: Redefining \frac on input line 227.
\uproot@=\count188
\leftroot@=\count189
LaTeX Info: Redefining \overline on input line 389.
\classnum@=\count190
\DOTSCASE@=\count191
LaTeX Info: Redefining \ldots on input line 486.
LaTeX Info: Redefining \dots on input line 489.
LaTeX Info: Redefining \cdots on input line 610.
\Mathstrutbox@=\box49
\strutbox@=\box50
\big@size=\dimen158
LaTeX Font Info:    Redeclaring font encoding OML on input line 733.
LaTeX Font Info:    Redeclaring font encoding OMS on input line 734.
\macc@depth=\count192
\c@MaxMatrixCols=\count193
\dotsspace@=\muskip16
\c@parentequation=\count194
\dspbrk@lvl=\count195
\tag@help=\toks24
\row@=\count196
\column@=\count197
\maxfields@=\count198
\andhelp@=\toks25
\eqnshift@=\dimen159
\alignsep@=\dimen160
\tagshift@=\dimen161
\tagwidth@=\dimen162
\totwidth@=\dimen163
\lineht@=\dimen164
\@envbody=\toks26
\multlinegap=\skip52
\multlinetaggap=\skip53
\mathdisplay@stack=\toks27
LaTeX Info: Redefining \[ on input line 2859.
LaTeX Info: Redefining \] on input line 2860.
)
(/usr/local/texlive/2020/texmf-dist/tex/latex/amscls/amsthm.sty
Package: amsthm 2017/10/31 v2.20.4
\thm@style=\toks28
\thm@bodyfont=\toks29
\thm@headfont=\toks30
\thm@notefont=\toks31
\thm@headpunct=\toks32
\thm@preskip=\skip54
\thm@postskip=\skip55
\thm@headsep=\skip56
\dth@everypar=\toks33
)
(/usr/local/texlive/2020/texmf-dist/tex/latex/qtree/qtree.sty
Package: 2008/12/12 v.3.1bQtree: tree-drawing for linguistics
Package: qtree 2008/12/12 v.3.1bQtree: tree-drawing for linguistics
(/usr/local/texlive/2020/texmf-dist/tex/latex/pict2e/pict2e.sty
Package: pict2e 2019/08/20 v0.3c Improved picture commands (HjG,RN,JT)

(/usr/local/texlive/2020/texmf-dist/tex/latex/pict2e/pict2e.cfg
File: pict2e.cfg 2016/02/05 v0.1u pict2e configuration for teTeX/TeXLive
)
Package pict2e Info: Driver file: pdftex.def on input line 119.
Package pict2e Info: Driver file for pict2e: p2e-pdftex.def on input line 121.

(/usr/local/texlive/2020/texmf-dist/tex/latex/pict2e/p2e-pdftex.def
File: p2e-pdftex.def 2016/02/05 v0.1u Driver-dependant file (RN,HjG,JT)
)
\pIIe@GRAPH=\toks34
\@arclen=\dimen165
\@arcrad=\dimen166
\@tempdimd=\dimen167
)
\c@treecount=\count199
\c@branchcount=\count266
\parentbox=\box51
\treebox=\box52
\treeboxone=\box53
\treeboxtwo=\box54
\treeboxthree=\box55
\treeboxfour=\box56
\treeboxfive=\box57
\treeboxsix=\box58
\treeboxseven=\box59
\treeboxeight=\box60
\treeboxnine=\box61
\treeboxten=\box62
\treeboxeleven=\box63
\treeboxtwelve=\box64
\treeboxthirteen=\box65
\treeboxfourteen=\box66
\treeboxfifteen=\box67
\treeboxsixteen=\box68
\treeboxseventeen=\box69
\treeboxeighteen=\box70
\treeboxnineteen=\box71
\treeboxtwenty=\box72
\treeoffsetone=\skip57
\treeoffsettwo=\skip58
\treeoffsetthree=\skip59
\treeoffsetfour=\skip60
\treeoffsetfive=\skip61
\treeoffsetsix=\skip62
\treeoffsetseven=\skip63
\treeoffseteight=\skip64
\treeoffsetnine=\skip65
\treeoffsetten=\skip66
\treeoffseteleven=\skip67
\treeoffsettwelve=\skip68
\treeoffsetthirteen=\skip69
\treeoffsetfourteen=\skip70
\treeoffsetfifteen=\skip71
\treeoffsetsixteen=\skip72
\treeoffsetseventeen=\skip73
\treeoffseteighteen=\skip74
\treeoffsetnineteen=\skip75
\treeoffsettwenty=\skip76
\treeshiftone=\skip77
\treeshifttwo=\skip78
\treeshiftthree=\skip79
\treeshiftfour=\skip80
\treeshiftfive=\skip81
\treeshiftsix=\skip82
\treeshiftseven=\skip83
\treeshifteight=\skip84
\treeshiftnine=\skip85
\treeshiftten=\skip86
\treeshifteleven=\skip87
\treeshifttwelve=\skip88
\treeshiftthirteen=\skip89
\treeshiftfourteen=\skip90
\treeshiftfifteen=\skip91
\treeshiftsixteen=\skip92
\treeshiftseventeen=\skip93
\treeshifteighteen=\skip94
\treeshiftnineteen=\skip95
\treeshifttwenty=\skip96
\treewidthone=\skip97
\treewidthtwo=\skip98
\treewidththree=\skip99
\treewidthfour=\skip100
\treewidthfive=\skip101
\treewidthsix=\skip102
\treewidthseven=\skip103
\treewidtheight=\skip104
\treewidthnine=\skip105
\treewidthten=\skip106
\treewidtheleven=\skip107
\treewidthtwelve=\skip108
\treewidththirteen=\skip109
\treewidthfourteen=\skip110
\treewidthfifteen=\skip111
\treewidthsixteen=\skip112
\treewidthseventeen=\skip113
\treewidtheighteen=\skip114
\treewidthnineteen=\skip115
\treewidthtwenty=\skip116
\daughteroffsetone=\skip117
\daughteroffsettwo=\skip118
\daughteroffsetthree=\skip119
\daughteroffsetfour=\skip120
\branchwidthone=\skip121
\branchwidthtwo=\skip122
\branchwidththree=\skip123
\branchwidthfour=\skip124
\parentoffset=\skip125
\treeoffset=\skip126
\daughteroffset=\skip127
\branchwidth=\skip128
\parentwidth=\skip129
\treewidth=\skip130
\qta=\toks35
\qtb=\toks36
\nbranches=\count267
\qroofx=\count268
\qroofy=\count269
\@qrscratchbox=\box73
)
(/usr/local/texlive/2020/texmf-dist/tex/latex/objectz/oz.sty
Package: oz 1999/05/24 2.46 Object Z macros

`Object-Z Macros' 2.46 <1999/05/24>
(/usr/local/texlive/2020/texmf-dist/tex/latex/tools/calc.sty
Package: calc 2017/05/25 v4.3 Infix arithmetic (KKT,FJ)
\calc@Acount=\count270
\calc@Bcount=\count271
\calc@Adimen=\dimen168
\calc@Bdimen=\dimen169
\calc@Askip=\skip131
\calc@Bskip=\skip132
LaTeX Info: Redefining \setlength on input line 80.
LaTeX Info: Redefining \addtolength on input line 81.
\calc@Ccount=\count272
\calc@Cskip=\skip133
)
\c@mv@oz=\count273
LaTeX Font Info:    Overwriting math alphabet `\mathrm' in version `oz'
(Font)                  OT1/cmr/m/n --> OT1/cmr/m/n on input line 71.
LaTeX Font Info:    Overwriting math alphabet `\mathbf' in version `oz'
(Font)                  OT1/cmr/bx/n --> OT1/cmr/bx/n on input line 71.
LaTeX Font Info:    Overwriting math alphabet `\mathsf' in version `oz'
(Font)                  OT1/cmss/m/n --> OT1/cmss/m/n on input line 71.
\symitalics=\mathgroup6
LaTeX Font Info:    Redeclaring math alphabet \mathrm on input line 71.
LaTeX Font Info:    Redeclaring math alphabet \mathit on input line 71.
\symlasy=\mathgroup7
LaTeX Font Info:    Redeclaring symbol font `AMSa' on input line 71.
LaTeX Font Info:    Overwriting symbol font `AMSa' in version `normal'
(Font)                  U/msa/m/n --> U/msa/m/n on input line 71.
LaTeX Font Info:    Overwriting symbol font `AMSa' in version `bold'
(Font)                  U/msa/m/n --> U/msa/m/n on input line 71.
LaTeX Font Info:    Overwriting symbol font `AMSa' in version `oz'
(Font)                  U/msa/m/n --> U/msa/m/n on input line 71.
LaTeX Font Info:    Redeclaring symbol font `AMSb' on input line 71.
LaTeX Font Info:    Overwriting symbol font `AMSb' in version `normal'
(Font)                  U/msb/m/n --> U/msb/m/n on input line 71.
LaTeX Font Info:    Overwriting symbol font `AMSb' in version `bold'
(Font)                  U/msb/m/n --> U/msb/m/n on input line 71.
LaTeX Font Info:    Overwriting symbol font `AMSb' in version `oz'
(Font)                  U/msb/m/n --> U/msb/m/n on input line 71.
\strutbox@=\box74
\big@size=\dimen170
LaTeX Font Info:    Redeclaring math symbol \boxdot on input line 362.
LaTeX Font Info:    Redeclaring math symbol \boxplus on input line 362.
LaTeX Font Info:    Redeclaring math symbol \boxtimes on input line 362.
LaTeX Font Info:    Redeclaring math symbol \square on input line 362.
LaTeX Font Info:    Redeclaring math symbol \blacksquare on input line 362.
LaTeX Font Info:    Redeclaring math symbol \centerdot on input line 362.
LaTeX Font Info:    Redeclaring math symbol \lozenge on input line 362.
LaTeX Font Info:    Redeclaring math symbol \blacklozenge on input line 362.
LaTeX Font Info:    Redeclaring math symbol \circlearrowright on input line 362
.
LaTeX Font Info:    Redeclaring math symbol \circlearrowleft on input line 362.

LaTeX Font Info:    Redeclaring math symbol \leftrightharpoons on input line 36
2.
LaTeX Font Info:    Redeclaring math symbol \boxminus on input line 362.
LaTeX Font Info:    Redeclaring math symbol \Vdash on input line 362.
LaTeX Font Info:    Redeclaring math symbol \Vvdash on input line 362.
LaTeX Font Info:    Redeclaring math symbol \vDash on input line 362.
LaTeX Font Info:    Redeclaring math symbol \twoheadrightarrow on input line 36
2.
LaTeX Font Info:    Redeclaring math symbol \twoheadleftarrow on input line 362
.
LaTeX Font Info:    Redeclaring math symbol \leftleftarrows on input line 362.
LaTeX Font Info:    Redeclaring math symbol \rightrightarrows on input line 362
.
LaTeX Font Info:    Redeclaring math symbol \upuparrows on input line 362.
LaTeX Font Info:    Redeclaring math symbol \downdownarrows on input line 362.
LaTeX Font Info:    Redeclaring math symbol \upharpoonright on input line 362.
LaTeX Font Info:    Redeclaring math symbol \downharpoonright on input line 362
.
LaTeX Font Info:    Redeclaring math symbol \upharpoonleft on input line 362.
LaTeX Font Info:    Redeclaring math symbol \downharpoonleft on input line 362.

LaTeX Font Info:    Redeclaring math symbol \rightarrowtail on input line 362.
LaTeX Font Info:    Redeclaring math symbol \leftarrowtail on input line 362.
LaTeX Font Info:    Redeclaring math symbol \leftrightarrows on input line 362.

LaTeX Font Info:    Redeclaring math symbol \rightleftarrows on input line 362.

LaTeX Font Info:    Redeclaring math symbol \Lsh on input line 362.
LaTeX Font Info:    Redeclaring math symbol \Rsh on input line 362.
LaTeX Font Info:    Redeclaring math symbol \rightsquigarrow on input line 362.

LaTeX Font Info:    Redeclaring math symbol \leftrightsquigarrow on input line 
362.
LaTeX Font Info:    Redeclaring math symbol \looparrowleft on input line 362.
LaTeX Font Info:    Redeclaring math symbol \looparrowright on input line 362.
LaTeX Font Info:    Redeclaring math symbol \circeq on input line 362.
LaTeX Font Info:    Redeclaring math symbol \succsim on input line 362.
LaTeX Font Info:    Redeclaring math symbol \gtrsim on input line 362.
LaTeX Font Info:    Redeclaring math symbol \gtrapprox on input line 362.
LaTeX Font Info:    Redeclaring math symbol \multimap on input line 362.
LaTeX Font Info:    Redeclaring math symbol \therefore on input line 362.
LaTeX Font Info:    Redeclaring math symbol \because on input line 362.
LaTeX Font Info:    Redeclaring math symbol \doteqdot on input line 362.
LaTeX Font Info:    Redeclaring math symbol \triangleq on input line 362.
LaTeX Font Info:    Redeclaring math symbol \precsim on input line 362.
LaTeX Font Info:    Redeclaring math symbol \lesssim on input line 362.
LaTeX Font Info:    Redeclaring math symbol \lessapprox on input line 362.
LaTeX Font Info:    Redeclaring math symbol \eqslantless on input line 362.
LaTeX Font Info:    Redeclaring math symbol \eqslantgtr on input line 362.
LaTeX Font Info:    Redeclaring math symbol \curlyeqprec on input line 362.
LaTeX Font Info:    Redeclaring math symbol \curlyeqsucc on input line 362.
LaTeX Font Info:    Redeclaring math symbol \preccurlyeq on input line 362.
LaTeX Font Info:    Redeclaring math symbol \leqq on input line 362.
LaTeX Font Info:    Redeclaring math symbol \leqslant on input line 362.
LaTeX Font Info:    Redeclaring math symbol \lessgtr on input line 362.
LaTeX Font Info:    Redeclaring math symbol \backprime on input line 362.
LaTeX Font Info:    Redeclaring math symbol \risingdotseq on input line 362.
LaTeX Font Info:    Redeclaring math symbol \fallingdotseq on input line 362.
LaTeX Font Info:    Redeclaring math symbol \succcurlyeq on input line 362.
LaTeX Font Info:    Redeclaring math symbol \geqq on input line 362.
LaTeX Font Info:    Redeclaring math symbol \geqslant on input line 362.
LaTeX Font Info:    Redeclaring math symbol \gtrless on input line 362.
LaTeX Font Info:    Redeclaring math symbol \sqsubset on input line 362.
LaTeX Font Info:    Redeclaring math symbol \sqsupset on input line 362.
LaTeX Font Info:    Redeclaring math symbol \vartriangleright on input line 362
.
LaTeX Font Info:    Redeclaring math symbol \vartriangleleft on input line 362.

LaTeX Font Info:    Redeclaring math symbol \trianglerighteq on input line 362.

LaTeX Font Info:    Redeclaring math symbol \trianglelefteq on input line 362.
LaTeX Font Info:    Redeclaring math symbol \bigstar on input line 362.
LaTeX Font Info:    Redeclaring math symbol \between on input line 362.
LaTeX Font Info:    Redeclaring math symbol \blacktriangledown on input line 36
2.
LaTeX Font Info:    Redeclaring math symbol \blacktriangleright on input line 3
62.
LaTeX Font Info:    Redeclaring math symbol \blacktriangleleft on input line 36
2.
LaTeX Font Info:    Redeclaring math symbol \vartriangle on input line 362.
LaTeX Font Info:    Redeclaring math symbol \blacktriangle on input line 362.
LaTeX Font Info:    Redeclaring math symbol \triangledown on input line 362.
LaTeX Font Info:    Redeclaring math symbol \eqcirc on input line 362.
LaTeX Font Info:    Redeclaring math symbol \lesseqgtr on input line 362.
LaTeX Font Info:    Redeclaring math symbol \gtreqless on input line 362.
LaTeX Font Info:    Redeclaring math symbol \lesseqqgtr on input line 362.
LaTeX Font Info:    Redeclaring math symbol \gtreqqless on input line 362.
LaTeX Font Info:    Redeclaring math symbol \Rrightarrow on input line 362.
LaTeX Font Info:    Redeclaring math symbol \Lleftarrow on input line 362.
LaTeX Font Info:    Redeclaring math symbol \veebar on input line 362.
LaTeX Font Info:    Redeclaring math symbol \barwedge on input line 362.
LaTeX Font Info:    Redeclaring math symbol \doublebarwedge on input line 362.
LaTeX Font Info:    Redeclaring math symbol \measuredangle on input line 362.
LaTeX Font Info:    Redeclaring math symbol \sphericalangle on input line 362.
LaTeX Font Info:    Redeclaring math symbol \varpropto on input line 362.
LaTeX Font Info:    Redeclaring math symbol \smallsmile on input line 362.
LaTeX Font Info:    Redeclaring math symbol \smallfrown on input line 362.
LaTeX Font Info:    Redeclaring math symbol \Subset on input line 362.
LaTeX Font Info:    Redeclaring math symbol \Supset on input line 362.
LaTeX Font Info:    Redeclaring math symbol \Cup on input line 362.
LaTeX Font Info:    Redeclaring math symbol \Cap on input line 362.
LaTeX Font Info:    Redeclaring math symbol \curlywedge on input line 362.
LaTeX Font Info:    Redeclaring math symbol \curlyvee on input line 362.
LaTeX Font Info:    Redeclaring math symbol \leftthreetimes on input line 362.
LaTeX Font Info:    Redeclaring math symbol \rightthreetimes on input line 362.

LaTeX Font Info:    Redeclaring math symbol \subseteqq on input line 362.
LaTeX Font Info:    Redeclaring math symbol \supseteqq on input line 362.
LaTeX Font Info:    Redeclaring math symbol \bumpeq on input line 362.
LaTeX Font Info:    Redeclaring math symbol \Bumpeq on input line 362.
LaTeX Font Info:    Redeclaring math symbol \lll on input line 362.
LaTeX Font Info:    Redeclaring math symbol \ggg on input line 362.
LaTeX Font Info:    Redeclaring math delimiter \ulcorner on input line 362.
LaTeX Font Info:    Redeclaring math delimiter \urcorner on input line 362.
LaTeX Font Info:    Redeclaring math delimiter \llcorner on input line 362.
LaTeX Font Info:    Redeclaring math delimiter \lrcorner on input line 362.
LaTeX Font Info:    Redeclaring math symbol \circledS on input line 362.
LaTeX Font Info:    Redeclaring math symbol \pitchfork on input line 362.
LaTeX Font Info:    Redeclaring math symbol \dotplus on input line 362.
LaTeX Font Info:    Redeclaring math symbol \backsim on input line 362.
LaTeX Font Info:    Redeclaring math symbol \backsimeq on input line 362.
LaTeX Font Info:    Redeclaring math symbol \complement on input line 362.
LaTeX Font Info:    Redeclaring math symbol \intercal on input line 362.
LaTeX Font Info:    Redeclaring math symbol \circledcirc on input line 362.
LaTeX Font Info:    Redeclaring math symbol \circledast on input line 362.
LaTeX Font Info:    Redeclaring math symbol \circleddash on input line 362.
LaTeX Font Info:    Redeclaring math symbol \lvertneqq on input line 362.
LaTeX Font Info:    Redeclaring math symbol \gvertneqq on input line 362.
LaTeX Font Info:    Redeclaring math symbol \nleq on input line 362.
LaTeX Font Info:    Redeclaring math symbol \ngeq on input line 362.
LaTeX Font Info:    Redeclaring math symbol \nless on input line 362.
LaTeX Font Info:    Redeclaring math symbol \ngtr on input line 362.
LaTeX Font Info:    Redeclaring math symbol \nprec on input line 362.
LaTeX Font Info:    Redeclaring math symbol \nsucc on input line 362.
LaTeX Font Info:    Redeclaring math symbol \lneqq on input line 362.
LaTeX Font Info:    Redeclaring math symbol \gneqq on input line 362.
LaTeX Font Info:    Redeclaring math symbol \nleqslant on input line 362.
LaTeX Font Info:    Redeclaring math symbol \ngeqslant on input line 362.
LaTeX Font Info:    Redeclaring math symbol \lneq on input line 362.
LaTeX Font Info:    Redeclaring math symbol \gneq on input line 362.
LaTeX Font Info:    Redeclaring math symbol \npreceq on input line 362.
LaTeX Font Info:    Redeclaring math symbol \nsucceq on input line 362.
LaTeX Font Info:    Redeclaring math symbol \precnsim on input line 362.
LaTeX Font Info:    Redeclaring math symbol \succnsim on input line 362.
LaTeX Font Info:    Redeclaring math symbol \lnsim on input line 362.
LaTeX Font Info:    Redeclaring math symbol \gnsim on input line 362.
LaTeX Font Info:    Redeclaring math symbol \nleqq on input line 362.
LaTeX Font Info:    Redeclaring math symbol \ngeqq on input line 362.
LaTeX Font Info:    Redeclaring math symbol \precneqq on input line 362.
LaTeX Font Info:    Redeclaring math symbol \succneqq on input line 362.
LaTeX Font Info:    Redeclaring math symbol \precnapprox on input line 362.
LaTeX Font Info:    Redeclaring math symbol \succnapprox on input line 362.
LaTeX Font Info:    Redeclaring math symbol \lnapprox on input line 362.
LaTeX Font Info:    Redeclaring math symbol \gnapprox on input line 362.
LaTeX Font Info:    Redeclaring math symbol \nsim on input line 362.
LaTeX Font Info:    Redeclaring math symbol \ncong on input line 362.
LaTeX Font Info:    Redeclaring math symbol \nsubseteqq on input line 362.
LaTeX Font Info:    Redeclaring math symbol \nsupseteqq on input line 362.
LaTeX Font Info:    Redeclaring math symbol \subsetneqq on input line 362.
LaTeX Font Info:    Redeclaring math symbol \supsetneqq on input line 362.
LaTeX Font Info:    Redeclaring math symbol \subsetneq on input line 362.
LaTeX Font Info:    Redeclaring math symbol \supsetneq on input line 362.
LaTeX Font Info:    Redeclaring math symbol \nsubseteq on input line 362.
LaTeX Font Info:    Redeclaring math symbol \nsupseteq on input line 362.
LaTeX Font Info:    Redeclaring math symbol \nparallel on input line 362.
LaTeX Font Info:    Redeclaring math symbol \nmid on input line 362.
LaTeX Font Info:    Redeclaring math symbol \nshortmid on input line 362.
LaTeX Font Info:    Redeclaring math symbol \nshortparallel on input line 362.
LaTeX Font Info:    Redeclaring math symbol \nvdash on input line 362.
LaTeX Font Info:    Redeclaring math symbol \nVdash on input line 362.
LaTeX Font Info:    Redeclaring math symbol \nvDash on input line 362.
LaTeX Font Info:    Redeclaring math symbol \nVDash on input line 362.
LaTeX Font Info:    Redeclaring math symbol \ntrianglerighteq on input line 362
.
LaTeX Font Info:    Redeclaring math symbol \ntrianglelefteq on input line 362.

LaTeX Font Info:    Redeclaring math symbol \ntriangleleft on input line 362.
LaTeX Font Info:    Redeclaring math symbol \ntriangleright on input line 362.
LaTeX Font Info:    Redeclaring math symbol \nleftarrow on input line 362.
LaTeX Font Info:    Redeclaring math symbol \nrightarrow on input line 362.
LaTeX Font Info:    Redeclaring math symbol \nLeftarrow on input line 362.
LaTeX Font Info:    Redeclaring math symbol \nRightarrow on input line 362.
LaTeX Font Info:    Redeclaring math symbol \nLeftrightarrow on input line 362.

LaTeX Font Info:    Redeclaring math symbol \nleftrightarrow on input line 362.

LaTeX Font Info:    Redeclaring math symbol \divideontimes on input line 362.
LaTeX Font Info:    Redeclaring math symbol \varnothing on input line 362.
LaTeX Font Info:    Redeclaring math symbol \mho on input line 362.
LaTeX Font Info:    Redeclaring math symbol \eth on input line 362.
LaTeX Font Info:    Redeclaring math symbol \eqsim on input line 362.
LaTeX Font Info:    Redeclaring math symbol \beth on input line 362.
LaTeX Font Info:    Redeclaring math symbol \gimel on input line 362.
LaTeX Font Info:    Redeclaring math symbol \daleth on input line 362.
LaTeX Font Info:    Redeclaring math symbol \lessdot on input line 362.
LaTeX Font Info:    Redeclaring math symbol \gtrdot on input line 362.
LaTeX Font Info:    Redeclaring math symbol \ltimes on input line 362.
LaTeX Font Info:    Redeclaring math symbol \rtimes on input line 362.
LaTeX Font Info:    Redeclaring math symbol \shortmid on input line 362.
LaTeX Font Info:    Redeclaring math symbol \shortparallel on input line 362.
LaTeX Font Info:    Redeclaring math symbol \smallsetminus on input line 362.
LaTeX Font Info:    Redeclaring math symbol \thicksim on input line 362.
LaTeX Font Info:    Redeclaring math symbol \thickapprox on input line 362.
LaTeX Font Info:    Redeclaring math symbol \approxeq on input line 362.
LaTeX Font Info:    Redeclaring math symbol \succapprox on input line 362.
LaTeX Font Info:    Redeclaring math symbol \precapprox on input line 362.
LaTeX Font Info:    Redeclaring math symbol \curvearrowleft on input line 362.
LaTeX Font Info:    Redeclaring math symbol \curvearrowright on input line 362.

LaTeX Font Info:    Redeclaring math symbol \digamma on input line 362.
LaTeX Font Info:    Redeclaring math symbol \varkappa on input line 362.
LaTeX Font Info:    Redeclaring math symbol \hslash on input line 362.
LaTeX Font Info:    Redeclaring math symbol \hbar on input line 362.
LaTeX Font Info:    Redeclaring math symbol \backepsilon on input line 362.
\z@combox=\box75
\z@wdcalc=\dimen171
\z@stackmin=\count274
\z@stackmax=\count275
\z@stacktop=\count276
\@gtempa=\dimen172
\@gtempa=\dimen173
\@gtempa=\dimen174
\@gtempa=\dimen175
\@gtempa=\dimen176
\@gtempa=\dimen177
\@gtempa=\dimen178
\@gtempa=\dimen179
\@gtempa=\dimen180
\@gtempa=\dimen181
\@gtempa=\dimen182
\@gtempa=\dimen183
\@gtempa=\dimen184
\@gtempa=\dimen185
\@gtempa=\dimen186
\@gtempa=\dimen187
\@gtempa=\dimen188
\@gtempa=\dimen189
\@gtempa=\dimen190
\@gtempa=\dimen191
\@gtempa=\dimen192
\@gtempa=\dimen193
\@gtempa=\dimen194
\@gtempa=\dimen195
\@gtempa=\dimen196
\@gtempa=\dimen197
\@gtempa=\dimen198
\@gtempa=\dimen199
\@gtempa=\dimen256
\@gtempa=\dimen257
\@gtempa=\dimen258
\@gtempa=\dimen259
\@gtempa=\dimen260
\@gtempa=\dimen261
\@gtempa=\dimen262
\@gtempa=\dimen263
\@gtempa=\dimen264
\@gtempa=\dimen265
\@gtempa=\dimen266
\@gtempa=\dimen267
\@gtempa=\dimen268
\@gtempa=\dimen269
\@gtempa=\dimen270
\@gtempa=\dimen271
\@gtempa=\dimen272
\@gtempa=\dimen273
\@gtempa=\dimen274
\@gtempa=\dimen275
\@gtempa=\dimen276
\@gtempa=\dimen277
\z@curline=\box76
\z@curindent=\dimen278
\z@curfield=\box77
\zedindent=\dimen279
\zedleftsep=\dimen280
\zedtab=\dimen281
\zedbar=\dimen282
\zedlinethickness=\dimen283
\zedcornerheight=\dimen284
\z@cols=\count277
\zedbaselineskip=\skip134
\zstrutbox=\box78
\interzedlinepenalty=\count278
\preboxpenalty=\count279
\forcepagepenalty=\count280
\z@adskip=\skip135
\z@bdskip=\skip136
\z@adsskip=\skip137
\z@bdsskip=\skip138
\z@temp=\dimen285
)
(/usr/local/texlive/2020/texmf-dist/tex/latex/titlepic/titlepic.sty
Package: titlepic 2017/03/14 1.2 Package to display a picture on the title page

)
(/usr/local/texlive/2020/texmf-dist/tex/latex/fancyvrb/fancyvrb.sty
Package: fancyvrb 2020/01/13 v3.5 verbatim text (tvz,hv)
\FV@CodeLineNo=\count281
\FV@InFile=\read3
\FV@TabBox=\box79
\c@FancyVerbLine=\count282
\FV@StepNumber=\count283
\FV@OutFile=\write3
)
(/usr/local/texlive/2020/texmf-dist/tex/latex/l3backend/l3backend-pdfmode.def
File: l3backend-pdfmode.def 2020-03-12 L3 backend support: PDF mode
\l__kernel_color_stack_int=\count284
\l__pdf_internal_box=\box80
)
(./assignment2-soln.aux)
\openout1 = `assignment2-soln.aux'.

LaTeX Font Info:    Checking defaults for OML/cmm/m/it on input line 38.
LaTeX Font Info:    ... okay on input line 38.
LaTeX Font Info:    Checking defaults for OMS/cmsy/m/n on input line 38.
LaTeX Font Info:    ... okay on input line 38.
LaTeX Font Info:    Checking defaults for OT1/cmr/m/n on input line 38.
LaTeX Font Info:    ... okay on input line 38.
LaTeX Font Info:    Checking defaults for T1/cmr/m/n on input line 38.
LaTeX Font Info:    ... okay on input line 38.
LaTeX Font Info:    Checking defaults for TS1/cmr/m/n on input line 38.
LaTeX Font Info:    ... okay on input line 38.
LaTeX Font Info:    Checking defaults for OMX/cmex/m/n on input line 38.
LaTeX Font Info:    ... okay on input line 38.
LaTeX Font Info:    Checking defaults for U/cmr/m/n on input line 38.
LaTeX Font Info:    ... okay on input line 38.

*geometry* driver: auto-detecting
*geometry* detected driver: pdftex
*geometry* verbose mode - [ preamble ] result:
* driver: pdftex
* paper: <default>
* layout: <same size as paper>
* layoutoffset:(h,v)=(0.0pt,0.0pt)
* modes: 
* h-part:(L,W,R)=(72.26999pt, 469.75502pt, 72.26999pt)
* v-part:(T,H,B)=(72.26999pt, 650.43001pt, 72.26999pt)
* \paperwidth=614.295pt
* \paperheight=794.96999pt
* \textwidth=469.75502pt
* \textheight=650.43001pt
* \oddsidemargin=0.0pt
* \evensidemargin=0.0pt
* \topmargin=-37.0pt
* \headheight=12.0pt
* \headsep=25.0pt
* \topskip=12.0pt
* \footskip=30.0pt
* \marginparwidth=44.0pt
* \marginparsep=10.0pt
* \columnsep=10.0pt
* \skip\footins=10.8pt plus 4.0pt minus 2.0pt
* \hoffset=0.0pt
* \voffset=0.0pt
* \mag=1000
* \@twocolumnfalse
* \@twosidefalse
* \@mparswitchfalse
* \@reversemarginfalse
* (1in=72.27pt=25.4mm, 1cm=28.453pt)

(/usr/local/texlive/2020/texmf-dist/tex/context/base/mkii/supp-pdf.mkii
[Loading MPS to PDF converter (version 2006.09.02).]
\scratchcounter=\count285
\scratchdimen=\dimen286
\scratchbox=\box81
\nofMPsegments=\count286
\nofMParguments=\count287
\everyMPshowfont=\toks37
\MPscratchCnt=\count288
\MPscratchDim=\dimen287
\MPnumerator=\count289
\makeMPintoPDFobject=\count290
\everyMPtoPDFconversion=\toks38
) (/usr/local/texlive/2020/texmf-dist/tex/latex/epstopdf-pkg/epstopdf-base.sty
Package: epstopdf-base 2020-01-24 v2.11 Base part for package epstopdf
Package epstopdf-base Info: Redefining graphics rule for `.eps' on input line 4
85.

(/usr/local/texlive/2020/texmf-dist/tex/latex/latexconfig/epstopdf-sys.cfg
File: epstopdf-sys.cfg 2010/07/13 v1.3 Configuration of (r)epstopdf for TeX Liv
e
))
\c@lstlisting=\count291
LaTeX Font Info:    Trying to load font information for U+msa on input line 41.


(/usr/local/texlive/2020/texmf-dist/tex/latex/amsfonts/umsa.fd
File: umsa.fd 2013/01/14 v3.01 AMS symbols A
)
LaTeX Font Info:    Trying to load font information for U+msb on input line 41.


(/usr/local/texlive/2020/texmf-dist/tex/latex/amsfonts/umsb.fd
File: umsb.fd 2013/01/14 v3.01 AMS symbols B
)
LaTeX Font Info:    Trying to load font information for U+lasy on input line 41
.

(/usr/local/texlive/2020/texmf-dist/tex/latex/base/ulasy.fd
File: ulasy.fd 1998/08/17 v2.2e LaTeX symbol font definitions
) [1

{/usr/local/texlive/2020/texmf-var/fonts/map/pdftex/updmap/pdftex.map}] [2] [3]

Overfull \hbox (77.60857pt too wide) in alignment at lines 98--154
[] []
 []


Overfull \vbox (19.82465pt too high) has occurred while \output is active []


[4] [5] (./assignment2-soln.aux) ) 
Here is how much of TeX's memory you used:
 5681 strings out of 480608
 75137 string characters out of 5903631
 334787 words of memory out of 5000000
 21494 multiletter control sequences out of 15000+600000
 544303 words of font info for 72 fonts, out of 8000000 for 9000
 1141 hyphenation exceptions out of 8191
 30i,18n,36p,230b,330s stack positions out of 5000i,500n,10000p,200000b,80000s
</usr/local/texlive/2020/texmf-dist/fonts/typ
e1/public/amsfonts/cm/cmbx12.pfb></usr/local/texlive/2020/texmf-dist/fonts/type
1/public/amsfonts/cm/cmex10.pfb></usr/local/texlive/2020/texmf-dist/fonts/type1
/public/amsfonts/cm/cmmi12.pfb></usr/local/texlive/2020/texmf-dist/fonts/type1/
public/amsfonts/cm/cmr12.pfb></usr/local/texlive/2020/texmf-dist/fonts/type1/pu
blic/amsfonts/cm/cmr17.pfb></usr/local/texlive/2020/texmf-dist/fonts/type1/publ
ic/amsfonts/cm/cmsy10.pfb></usr/local/texlive/2020/texmf-dist/fonts/type1/publi
c/amsfonts/cm/cmsy8.pfb></usr/local/texlive/2020/texmf-dist/fonts/type1/public/
amsfonts/cm/cmti12.pfb></usr/local/texlive/2020/texmf-dist/fonts/type1/public/a
msfonts/cm/cmti8.pfb></usr/local/texlive/2020/texmf-dist/fonts/type1/public/ams
fonts/cm/cmtt12.pfb></usr/local/texlive/2020/texmf-dist/fonts/type1/public/amsf
onts/symbols/msam10.pfb></usr/local/texlive/2020/texmf-dist/fonts/type1/public/
amsfonts/symbols/msbm10.pfb>
Output written on assignment2-soln.pdf (5 pages, 111307 bytes).
PDF statistics:
 68 PDF objects out of 1000 (max. 8388607)
 48 compressed objects within 1 object stream
 0 named destinations out of 1000 (max. 500000)
 1 words of extra memory for PDF output out of 10000 (max. 10000000)

